<?xml version="1.0" encoding="UTF-8"?>
<!-- Generated by org.testng.reporters.JUnitXMLReporter -->
<testsuite hostname="DESKTOP-IIMQB4J" failures="0" tests="4" name="Test" time="43.004" errors="0" timestamp="18 Mar 2022 09:27:44 GMT">
  <testcase classname="testcases.FourTest" name="fourTest" time="6.22"/>
  <testcase classname="testcases.ThreeTest" name="thirdTest" time="15.645"/>
  <testcase classname="testcases.LoginTest" name="login" time="5.907"/>
  <testcase classname="testcases.TwoTest" name="twoTest" time="6.129"/>
</testsuite> <!-- Test -->
